This is XeTeX, Version 3.14159265-2.6-0.999992 (TeX Live 2020/W32TeX) (preloaded format=xelatex 2020.11.16)  16 JAN 2021 14:10
entering extended mode
 restricted \write18 enabled.
 file:line:error style messages enabled.
 %&-line parsing enabled.
**thesis
(./thesis.tex
LaTeX2e <2020-02-02> patch level 5
L3 programming layer <2020-03-06> (e:/texlive/Rtexlive/texlive/2020/texmf-dist/tex/latex/base/report.cls
Document Class: report 2019/12/20 v1.4l Standard LaTeX document class
(e:/texlive/Rtexlive/texlive/2020/texmf-dist/tex/latex/base/size12.clo
File: size12.clo 2019/12/20 v1.4l Standard LaTeX file (size option)
)
\c@part=\count163
\c@chapter=\count164
\c@section=\count165
\c@subsection=\count166
\c@subsubsection=\count167
\c@paragraph=\count168
\c@subparagraph=\count169
\c@figure=\count170
\c@table=\count171
\abovecaptionskip=\skip47
\belowcaptionskip=\skip48
\bibindent=\dimen134
)
\DraftStatus=\count172
 (e:/texlive/Rtexlive/texlive/2020/texmf-dist/tex/latex/graphics/color.sty
Package: color 2019/11/23 v1.2a Standard LaTeX Color (DPC)
 (e:/texlive/Rtexlive/texlive/2020/texmf-dist/tex/latex/graphics-cfg/color.cfg
File: color.cfg 2016/01/02 v1.6 sample color configuration
)
Package color Info: Driver file: xetex.def on input line 147.
 (e:/texlive/Rtexlive/texlive/2020/texmf-dist/tex/latex/graphics-def/xetex.def
File: xetex.def 2017/06/24 v5.0h Graphics/color driver for xetex
)) (e:/texlive/Rtexlive/texlive/2020/texmf-dist/tex/latex/svn-multi/svnkw.sty
Package: svnkw 2009/03/27 v2.1 Backward compatibility wrapper for svn-multi


Package svnkw Warning: The package 'svnkw' got renamed to 'svn-multi' and is now only a backward compatibility wrapper which loads 'svn-multi'. Please adjust your document preamble to use the new name. on input line 23.

(e:/texlive/Rtexlive/texlive/2020/texmf-dist/tex/latex/svn-multi/svn-multi.sty
Package: svn-multi 2011/08/30 v2.4d SVN Keywords for multi-file LaTeX documents
 (e:/texlive/Rtexlive/texlive/2020/texmf-dist/tex/latex/kvoptions/kvoptions.sty
Package: kvoptions 2019/11/29 v3.13 Key value format for package options (HO)
 (e:/texlive/Rtexlive/texlive/2020/texmf-dist/tex/latex/graphics/keyval.sty
Package: keyval 2014/10/28 v1.15 key=value parser (DPC)
\KV@toks@=\toks15
) (e:/texlive/Rtexlive/texlive/2020/texmf-dist/tex/generic/ltxcmds/ltxcmds.sty
Package: ltxcmds 2019/12/15 v1.24 LaTeX kernel commands for general use (HO)
) (e:/texlive/Rtexlive/texlive/2020/texmf-dist/tex/generic/kvsetkeys/kvsetkeys.sty
Package: kvsetkeys 2019/12/15 v1.18 Key value parser (HO)
)))) (e:/texlive/Rtexlive/texlive/2020/texmf-dist/tex/latex/graphics/graphicx.sty
Package: graphicx 2019/11/30 v1.2a Enhanced LaTeX Graphics (DPC,SPQR)
 (e:/texlive/Rtexlive/texlive/2020/texmf-dist/tex/latex/graphics/graphics.sty
Package: graphics 2019/11/30 v1.4a Standard LaTeX Graphics (DPC,SPQR)
 (e:/texlive/Rtexlive/texlive/2020/texmf-dist/tex/latex/graphics/trig.sty
Package: trig 2016/01/03 v1.10 sin cos tan (DPC)
) (e:/texlive/Rtexlive/texlive/2020/texmf-dist/tex/latex/graphics-cfg/graphics.cfg
File: graphics.cfg 2016/06/04 v1.11 sample graphics configuration
)
Package graphics Info: Driver file: xetex.def on input line 105.
)
\Gin@req@height=\dimen135
\Gin@req@width=\dimen136
) (e:/texlive/Rtexlive/texlive/2020/texmf-dist/tex/latex/algorithms/algorithm.sty
Invalid UTF-8 byte or sequence at line 11 replaced by U+FFFD.
Package: algorithm 2009/08/24 v0.1 Document Style `algorithm' - floating environment
 (e:/texlive/Rtexlive/texlive/2020/texmf-dist/tex/latex/float/float.sty
Package: float 2001/11/08 v1.3d Float enhancements (AL)
\c@float@type=\count173
\float@exts=\toks16
\float@box=\box45
\@float@everytoks=\toks17
\@floatcapt=\box46
) (e:/texlive/Rtexlive/texlive/2020/texmf-dist/tex/latex/base/ifthen.sty
Package: ifthen 2014/09/29 v1.1c Standard LaTeX ifthen package (DPC)
)
\@float@every@algorithm=\toks18
\c@algorithm=\count174
) (e:/texlive/Rtexlive/texlive/2020/texmf-dist/tex/latex/algorithms/algorithmic.sty
Invalid UTF-8 byte or sequence at line 11 replaced by U+FFFD.
Package: algorithmic 2009/08/24 v0.1 Document Style `algorithmic'
\c@ALC@unique=\count175
\c@ALC@line=\count176
\c@ALC@rem=\count177
\c@ALC@depth=\count178
\ALC@tlm=\skip49
\algorithmicindent=\skip50
) (e:/texlive/Rtexlive/texlive/2020/texmf-dist/tex/latex/amsmath/amsmath.sty
Package: amsmath 2020/01/20 v2.17e AMS math features
\@mathmargin=\skip51

For additional information on amsmath, use the `?' option.
(e:/texlive/Rtexlive/texlive/2020/texmf-dist/tex/latex/amsmath/amstext.sty
Package: amstext 2000/06/29 v2.01 AMS text
 (e:/texlive/Rtexlive/texlive/2020/texmf-dist/tex/latex/amsmath/amsgen.sty
File: amsgen.sty 1999/11/30 v2.0 generic functions
\@emptytoks=\toks19
\ex@=\dimen137
)) (e:/texlive/Rtexlive/texlive/2020/texmf-dist/tex/latex/amsmath/amsbsy.sty
Package: amsbsy 1999/11/29 v1.2d Bold Symbols
\pmbraise@=\dimen138
) (e:/texlive/Rtexlive/texlive/2020/texmf-dist/tex/latex/amsmath/amsopn.sty
Package: amsopn 2016/03/08 v2.02 operator names
)
\inf@bad=\count179
LaTeX Info: Redefining \frac on input line 227.
\uproot@=\count180
\leftroot@=\count181
LaTeX Info: Redefining \overline on input line 389.
\classnum@=\count182
\DOTSCASE@=\count183
LaTeX Info: Redefining \ldots on input line 486.
LaTeX Info: Redefining \dots on input line 489.
LaTeX Info: Redefining \cdots on input line 610.
\Mathstrutbox@=\box47
\strutbox@=\box48
\big@size=\dimen139
LaTeX Font Info:    Redeclaring font encoding OML on input line 733.
LaTeX Font Info:    Redeclaring font encoding OMS on input line 734.
\macc@depth=\count184
\c@MaxMatrixCols=\count185
\dotsspace@=\muskip16
\c@parentequation=\count186
\dspbrk@lvl=\count187
\tag@help=\toks20
\row@=\count188
\column@=\count189
\maxfields@=\count190
\andhelp@=\toks21
\eqnshift@=\dimen140
\alignsep@=\dimen141
\tagshift@=\dimen142
\tagwidth@=\dimen143
\totwidth@=\dimen144
\lineht@=\dimen145
\@envbody=\toks22
\multlinegap=\skip52
\multlinetaggap=\skip53
\mathdisplay@stack=\toks23
LaTeX Info: Redefining \[ on input line 2859.
LaTeX Info: Redefining \] on input line 2860.
) (e:/texlive/Rtexlive/texlive/2020/texmf-dist/tex/latex/amsfonts/amsfonts.sty
Package: amsfonts 2013/01/14 v3.01 Basic AMSFonts support
\symAMSa=\mathgroup4
\symAMSb=\mathgroup5
LaTeX Font Info:    Redeclaring math symbol \hbar on input line 98.
LaTeX Font Info:    Overwriting math alphabet `\mathfrak' in version `bold'
(Font)                  U/euf/m/n --> U/euf/b/n on input line 106.
) (e:/texlive/Rtexlive/texlive/2020/texmf-dist/tex/latex/graphics/lscape.sty
Package: lscape 2000/10/22 v3.01 Landscape Pages (DPC)
) (e:/texlive/Rtexlive/texlive/2020/texmf-dist/tex/latex/amsfonts/amssymb.sty
Package: amssymb 2013/01/14 v3.01 AMS font symbols
) (e:/texlive/Rtexlive/texlive/2020/texmf-dist/tex/latex/amscls/amsthm.sty
Package: amsthm 2017/10/31 v2.20.4
\thm@style=\toks24
\thm@bodyfont=\toks25
\thm@headfont=\toks26
\thm@notefont=\toks27
\thm@headpunct=\toks28
\thm@preskip=\skip54
\thm@postskip=\skip55
\thm@headsep=\skip56
\dth@everypar=\toks29
) (e:/texlive/Rtexlive/texlive/2020/texmf-dist/tex/latex/base/newlfont.sty
Package: newlfont 1998/08/17 v2.2m Standard LaTeX package
LaTeX Info: Redefining \em on input line 57.
 (e:/texlive/Rtexlive/texlive/2020/texmf-dist/tex/latex/base/latexsym.sty
Package: latexsym 1998/08/17 v2.2e Standard LaTeX package (lasy symbols)
\symlasy=\mathgroup6
LaTeX Font Info:    Overwriting symbol font `lasy' in version `bold'
(Font)                  U/lasy/m/n --> U/lasy/b/n on input line 52.
)) (e:/texlive/Rtexlive/texlive/2020/texmf-dist/tex/latex/breqn/breqn.sty (e:/texlive/Rtexlive/texlive/2020/texmf-dist/tex/latex/l3kernel/expl3.sty
Package: expl3 2020-03-06 L3 programming layer (loader) 
 (e:/texlive/Rtexlive/texlive/2020/texmf-dist/tex/latex/l3backend/l3backend-xdvipdfmx.def
File: l3backend-xdvipdfmx.def 2020-03-12 L3 backend support: xdvipdfmx
\g__graphics_track_int=\count191
\l__pdf_internal_box=\box49
\g__pdf_backend_object_int=\count192
\g__pdf_backend_annotation_int=\count193
))
Package: breqn 2020/02/18 v0.98i Breaking equations
 (e:/texlive/Rtexlive/texlive/2020/texmf-dist/tex/latex/breqn/flexisym.sty
Package: flexisym 2020/02/18 v0.98i Make math characters macros
LaTeX Info: Redefining \textprime on input line 298.
LaTeX Info: Redefining \not on input line 356.
 (e:/texlive/Rtexlive/texlive/2020/texmf-dist/tex/latex/breqn/cmbase.sym
File: cmbase.sym 2007/12/19 v0.92
LaTeX Info: Redefining \hbar on input line 323.
LaTeX Info: Redefining \surd on input line 325.
LaTeX Info: Redefining \angle on input line 333.
LaTeX Info: Redefining \neq on input line 334.
LaTeX Info: Redefining \mapsto on input line 335.
LaTeX Info: Redefining \cong on input line 336.
LaTeX Info: Redefining \notin on input line 339.
LaTeX Info: Redefining \rightleftharpoons on input line 340.
LaTeX Info: Redefining \doteq on input line 341.
LaTeX Info: Redefining \hookrightarrow on input line 342.
LaTeX Info: Redefining \hookleftarrow on input line 343.
LaTeX Info: Redefining \bowtie on input line 344.
LaTeX Info: Redefining \models on input line 345.
LaTeX Info: Redefining \Longrightarrow on input line 346.
LaTeX Info: Redefining \longrightarrow on input line 347.
LaTeX Info: Redefining \Longleftarrow on input line 348.
LaTeX Info: Redefining \longleftarrow on input line 349.
LaTeX Info: Redefining \longmapsto on input line 350.
LaTeX Info: Redefining \longleftrightarrow on input line 351.
LaTeX Info: Redefining \Longleftrightarrow on input line 352.
LaTeX Info: Redefining \cdots on input line 356.
LaTeX Info: Redefining \vdots on input line 359.
LaTeX Info: Redefining \ddots on input line 364.
) (e:/texlive/Rtexlive/texlive/2020/texmf-dist/tex/latex/breqn/mathstyle.sty
Package: mathstyle 2020/02/18 v0.98i Tracking mathstyle implicitly
LaTeX Info: Redefining \displaystyle on input line 93.
LaTeX Info: Redefining \textstyle on input line 95.
LaTeX Info: Redefining \scriptstyle on input line 97.
LaTeX Info: Redefining \scriptscriptstyle on input line 99.
LaTeX Info: Redefining \genfrac on input line 145.
)) (e:/texlive/Rtexlive/texlive/2020/texmf-dist/tex/latex/tools/calc.sty
Package: calc 2017/05/25 v4.3 Infix arithmetic (KKT,FJ)
\calc@Acount=\count194
\calc@Bcount=\count195
\calc@Adimen=\dimen146
\calc@Bdimen=\dimen147
\calc@Askip=\skip57
\calc@Bskip=\skip58
LaTeX Info: Redefining \setlength on input line 80.
LaTeX Info: Redefining \addtolength on input line 81.
\calc@Ccount=\count196
\calc@Cskip=\skip59
)
\inf@bad=\count197
\maxint=\count198
\listwidth=\dimen148
\eqnumsep=\dimen149
\eqmargin=\dimen150
\eqlinespacing=\skip60
\eqlineskip=\skip61
\eqlineskiplimit=\dimen151
\eqbinoffset=\muskip17
\eqdelimoffset=\muskip18
\eqindentstep=\dimen152
\eqstyle=\toks30
\eqbreakdepth=\count199
\eqinterlinepenalty=\count266
\intereqpenalty=\count267
\intereqskip=\skip62
\prerelpenalty=\count268
\prebinoppenalty=\count269
\Dmedmuskip=\muskip19
\Dthickmuskip=\muskip20
\eqleftskip=\skip63
\eqrightskip=\skip64
\eq@vspan=\skip65
\eq@binoffset=\muskip21
\EQ@box=\box50
\EQ@copy=\box51
\EQ@numbox=\box52
\eq@wdNum=\dimen153
\GRP@numbox=\box53
\grp@wdNum=\dimen154
\eq@lines=\count270
\eq@curline=\count271
\eq@badness=\count272
\EQ@vims=\count273
\eq@dp=\dimen155
\eq@wdL=\dimen156
\eq@wdT=\dimen157
\eq@wdMin=\dimen158
\grp@wdL=\dimen159
\grp@wdR=\dimen160
\grp@wdT=\dimen161
\eq@wdRmax=\dimen162
\eq@firstht=\dimen163
\eq@wdCond=\dimen164
\eq@indentstep=\dimen165
\eq@linewidth=\dimen166
\grp@linewidth=\dimen167
\eq@hshift=\dimen168
\eq@given@sidespace=\dimen169
\mathindent=\dimen170
\eq@final@linecount=\count274
\eq@wdR=\dimen171
\EQ@continue=\toks31
\lr@level=\count275
\GRP@queue=\toks32
\GRP@box=\box54
\GRP@wholebox=\box55
\darraycolsep=\skip66
\cur@row=\count276
\cur@col=\count277
\conditionsep=\skip67
) (e:/texlive/Rtexlive/texlive/2020/texmf-dist/tex/latex/multirow/multirow.sty
Package: multirow 2019/05/31 v2.5 Span multiple rows of a table
\multirow@colwidth=\skip68
\multirow@cntb=\count278
\multirow@dima=\skip69
\bigstrutjot=\dimen172
) (e:/texlive/Rtexlive/texlive/2020/texmf-dist/tex/latex/subfig/subfig.sty
Package: subfig 2005/06/28 ver: 1.3 subfig package
 (e:/texlive/Rtexlive/texlive/2020/texmf-dist/tex/latex/caption/caption.sty
Package: caption 2020/01/03 v3.4h Customizing captions (AR)
 (e:/texlive/Rtexlive/texlive/2020/texmf-dist/tex/latex/caption/caption3.sty
Package: caption3 2020/01/03 v1.8h caption3 kernel (AR)
Package caption3 Info: TeX engine: e-TeX on input line 61.
\captionmargin=\dimen173
\captionmargin@=\dimen174
\captionwidth=\dimen175
\caption@tempdima=\dimen176
\caption@indent=\dimen177
\caption@parindent=\dimen178
\caption@hangindent=\dimen179
Package caption Info: Standard document class detected.
)
\c@caption@flags=\count279
\c@continuedfloat=\count280
Package caption Info: float package is loaded.
)
\c@KVtest=\count281
\sf@farskip=\skip70
\sf@captopadj=\dimen180
\sf@capskip=\skip71
\sf@nearskip=\skip72
\c@subfigure=\count282
\c@subfigure@save=\count283
\c@lofdepth=\count284
\c@subtable=\count285
\c@subtable@save=\count286
\c@lotdepth=\count287
\sf@top=\skip73
\sf@bottom=\skip74
) (e:/texlive/Rtexlive/texlive/2020/texmf-dist/tex/latex/cite/cite.sty
LaTeX Info: Redefining \cite on input line 302.
LaTeX Info: Redefining \nocite on input line 332.
Package: cite 2015/02/27  v 5.5
) (e:/texlive/Rtexlive/texlive/2020/texmf-dist/tex/latex/url/url.sty
\Urlmuskip=\muskip22
Package: url 2013/09/16  ver 3.4  Verb mode for urls, etc.
) (./xthesis.sty
Document Style Option `tulipthesis'.
) (./xtocinc.sty
\tclineskip=\skip75
)
\defbaselineskip=\skip76
\c@thm=\count288
\c@Remark=\count289
\c@proposition=\count290
\c@theorem=\count291
\c@lemma=\count292
\c@corollary=\count293
\c@example=\count294
\c@definition=\count295
\c@Algorithms=\count296

./thesis.tex:174: Undefined control sequence.
l.174 \hypersetup
                 
The control sequence at the end of the top line
of your error message was never \def'ed. If you have
misspelled it (e.g., `\hobx'), type `I' and the correct
spelling (e.g., `I\hbox'). Otherwise just continue,
and I'll forget about whatever was undefined.


./thesis.tex:176: LaTeX Error: Missing \begin{document}.

See the LaTeX manual or LaTeX Companion for explanation.
Type  H <return>  for immediate help.
 ...                                              
                                                  
l.176     p
           dfauthor={Gang Li},
You're in trouble here.  Try typing  <return>  to proceed.
If that doesn't work, type  X <return>  to quit.

No file thesis.aux.
\openout1 = `thesis.aux'.

LaTeX Font Info:    Checking defaults for OML/cmm/m/it on input line 186.
LaTeX Font Info:    ... okay on input line 186.
LaTeX Font Info:    Checking defaults for OMS/cmsy/m/n on input line 186.
LaTeX Font Info:    ... okay on input line 186.
LaTeX Font Info:    Checking defaults for OT1/cmr/m/n on input line 186.
LaTeX Font Info:    ... okay on input line 186.
LaTeX Font Info:    Checking defaults for T1/cmr/m/n on input line 186.
LaTeX Font Info:    ... okay on input line 186.
LaTeX Font Info:    Checking defaults for TS1/cmr/m/n on input line 186.
LaTeX Font Info:    Trying to load font information for TS1+cmr on input line 186.
(e:/texlive/Rtexlive/texlive/2020/texmf-dist/tex/latex/base/ts1cmr.fd
File: ts1cmr.fd 2019/12/16 v2.5j Standard LaTeX font definitions
)
LaTeX Font Info:    ... okay on input line 186.
LaTeX Font Info:    Checking defaults for TU/lmr/m/n on input line 186.
LaTeX Font Info:    ... okay on input line 186.
LaTeX Font Info:    Checking defaults for OMX/cmex/m/n on input line 186.
LaTeX Font Info:    ... okay on input line 186.
LaTeX Font Info:    Checking defaults for U/cmr/m/n on input line 186.
LaTeX Font Info:    ... okay on input line 186.
Package caption Info: Begin \AtBeginDocument code.
Package caption Info: subfig package v1.3 is loaded.
Package caption Info: End \AtBeginDocument code.

:?0000
Most over/underfulls in first few pages are the fault of tulipthesis.
Ignore all them. If uncorrectable errors occur, notify staff.
[1

]
Underfull \hbox (badness 3189) in paragraph at lines 224--224
[]\TU/lmr/m/n/12 The undersigned hereby certify that they have read and
 []


Underfull \hbox (badness 10000) in paragraph at lines 224--224

 []

LaTeX Font Info:    Trying to load font information for U+msa on input line 224.
(e:/texlive/Rtexlive/texlive/2020/texmf-dist/tex/latex/amsfonts/umsa.fd
File: umsa.fd 2013/01/14 v3.01 AMS symbols A
)
LaTeX Font Info:    Trying to load font information for U+msb on input line 224.
 (e:/texlive/Rtexlive/texlive/2020/texmf-dist/tex/latex/amsfonts/umsb.fd
File: umsb.fd 2013/01/14 v3.01 AMS symbols B
)
LaTeX Font Info:    Trying to load font information for U+lasy on input line 224.
 (e:/texlive/Rtexlive/texlive/2020/texmf-dist/tex/latex/base/ulasy.fd
File: ulasy.fd 1998/08/17 v2.2e LaTeX symbol font definitions
)
Overfull \hbox (28.59001pt too wide) in paragraph at lines 224--224
[][] 
 []


Underfull \hbox (badness 10000) in paragraph at lines 224--224

 []


Overfull \hbox (34.75803pt too wide) in paragraph at lines 224--224
[][] 
 []


Underfull \hbox (badness 10000) in paragraph at lines 224--224

 []


Overfull \hbox (37.24202pt too wide) in paragraph at lines 224--224
[][] 
 []


Underfull \hbox (badness 10000) in paragraph at lines 224--224

 []


Underfull \hbox (badness 10000) in paragraph at lines 224--224

 []

[2] [3]
\@defbaselineskip=\skip77

No file thesis.toc.
\tf@toc=\write3
\openout3 = `thesis.toc'.

[4

]
No file thesis.lot.
\tf@lot=\write4
\openout4 = `thesis.lot'.

[5

]
No file thesis.lof.
\tf@lof=\write5
\openout5 = `thesis.lof'.

[6

]
:?1111
Acknowledgement
\openout2 = `ack.aux'.

(./ack.tex
Underfull \hbox (badness 10000) in paragraph at lines 7--9

 []


Underfull \hbox (badness 10000) in paragraph at lines 10--11

 []

) [7


]
Publication List
\openout2 = `pub.aux'.

(./pub.tex) [8



]
Abstract
\openout2 = `abs.aux'.

(./abs.tex) [9



]
tulipthesis preface pages completed.
\openout2 = `chapter01.aux'.

(./chapter01.tex
Chapter 1.
) [1




]
\openout2 = `chapter02.aux'.

 (./chapter02.tex
Chapter 2.
) [2



]
\openout2 = `chapter03.aux'.

 (./chapter03.tex
Chapter 3.
) [3



] [4]
\openout2 = `conclusion.aux'.

 (./conclusion.tex
Chapter 4.
) [5



]
No file thesis.bbl.
(./thesis.aux (./ack.aux) (./pub.aux) (./abs.aux) (./chapter01.aux) (./chapter02.aux) (./chapter03.aux) (./conclusion.aux)) ) 
Here is how much of TeX's memory you used:
 5522 strings out of 479418
 81181 string characters out of 5880624
 326302 words of memory out of 5000000
 22899 multiletter control sequences out of 15000+600000
 542361 words of font info for 79 fonts, out of 8000000 for 9000
 1348 hyphenation exceptions out of 8191
 50i,7n,48p,232b,228s stack positions out of 5000i,500n,10000p,200000b,80000s

Output written on thesis.pdf (14 pages).
